  main.cpp
C:\Users\yuji\Downloads\Sample\Sample\Project\GameProject\main.cpp(127,59): warning C4244: '引数': 'float' から 'int' への変換です。データが失われる可能性があります。
C:\Users\yuji\Downloads\Sample\Sample\Project\GameProject\main.cpp(127,51): warning C4244: '引数': 'float' から 'int' への変換です。データが失われる可能性があります。
C:\Users\yuji\Downloads\Sample\Sample\Project\GameProject\main.cpp(145,58): warning C4244: '引数': 'float' から 'int' への変換です。データが失われる可能性があります。
C:\Users\yuji\Downloads\Sample\Sample\Project\GameProject\main.cpp(145,50): warning C4244: '引数': 'float' から 'int' への変換です。データが失われる可能性があります。
C:\Users\yuji\Downloads\Sample\Sample\Project\GameProject\main.cpp(153,58): warning C4244: '引数': 'float' から 'int' への変換です。データが失われる可能性があります。
C:\Users\yuji\Downloads\Sample\Sample\Project\GameProject\main.cpp(153,50): warning C4244: '引数': 'float' から 'int' への変換です。データが失われる可能性があります。
C:\Users\yuji\Downloads\Sample\Sample\Project\GameProject\main.cpp(161,58): warning C4244: '引数': 'float' から 'int' への変換です。データが失われる可能性があります。
C:\Users\yuji\Downloads\Sample\Sample\Project\GameProject\main.cpp(161,50): warning C4244: '引数': 'float' から 'int' への変換です。データが失われる可能性があります。
C:\Users\yuji\Downloads\Sample\Sample\Project\GameProject\main.cpp(186,42): warning C4244: '引数': 'int' から 'float' への変換です。データが失われる可能性があります。
C:\Users\yuji\Downloads\Sample\Sample\Project\GameProject\main.cpp(186,39): warning C4244: '引数': 'int' から 'float' への変換です。データが失われる可能性があります。
  glew.lib(glew.obj) : MSIL .netmodule または /GL を伴ってコンパイルされたモジュールが見つかりました。/LTCG を使用して再開始してください。リンカーのパフォーマンスを向上させるためには、コマンドラインに /LTCG を追加してください。
LINK : warning LNK4075: /INCREMENTAL は /LTCG の指定によって無視されます。
     ライブラリ C:\Users\yuji\Downloads\Sample\Sample\Project\/../Game/GameProject.lib とオブジェクト C:\Users\yuji\Downloads\Sample\Sample\Project\/../Game/GameProject.exp を作成中
LINK : warning LNK4098: defaultlib 'LIBCMT' は他のライブラリの使用と競合しています。/NODEFAULTLIB:library を使用してください。
  コード生成しています。
  コード生成が終了しました。
LINK : warning LNK4286: シンボル 'alcCreateContext' ('OpenAL32.lib(ALc.obj)' で定義) が 'alut.lib(alutInit.obj)' によってインポートされています
LINK : warning LNK4286: シンボル 'alcMakeContextCurrent' ('OpenAL32.lib(ALc.obj)' で定義) が 'alut.lib(alutInit.obj)' によってインポートされています
LINK : warning LNK4286: シンボル 'alcDestroyContext' ('OpenAL32.lib(ALc.obj)' で定義) が 'alut.lib(alutInit.obj)' によってインポートされています
LINK : warning LNK4286: シンボル 'alcGetCurrentContext' ('OpenAL32.lib(ALc.obj)' で定義) が 'alut.lib(alutInit.obj)' によってインポートされています
LINK : warning LNK4286: シンボル 'alcGetContextsDevice' ('OpenAL32.lib(ALc.obj)' で定義) が 'alut.lib(alutInit.obj)' によってインポートされています
LINK : warning LNK4286: シンボル 'alcOpenDevice' ('OpenAL32.lib(ALc.obj)' で定義) が 'alut.lib(alutInit.obj)' によってインポートされています
LINK : warning LNK4286: シンボル 'alcCloseDevice' ('OpenAL32.lib(ALc.obj)' で定義) が 'alut.lib(alutInit.obj)' によってインポートされています
LINK : warning LNK4286: シンボル 'alcGetError' ('OpenAL32.lib(ALc.obj)' で定義) が 'alut.lib(alutInit.obj)' によってインポートされています
LINK : warning LNK4286: シンボル 'alGetError' ('OpenAL32.lib(alError.obj)' で定義) が 'alut.lib(alutInit.obj)' によってインポートされています
LINK : warning LNK4286: シンボル 'alGetError' ('OpenAL32.lib(alError.obj)' で定義) が 'alut.lib(alutBufferData.obj)' によってインポートされています
LINK : warning LNK4286: シンボル 'alGenBuffers' ('OpenAL32.lib(alBuffer.obj)' で定義) が 'alut.lib(alutBufferData.obj)' によってインポートされています
LINK : warning LNK4286: シンボル 'alBufferData' ('OpenAL32.lib(alBuffer.obj)' で定義) が 'alut.lib(alutBufferData.obj)' によってインポートされています
glew.lib(glew.obj) : warning LNK4099: PDB 'glew.pdb' が 'glew.lib(glew.obj)' で、または 'C:\Users\yuji\Downloads\Sample\Sample\Game\glew.pdb' に見つかりません。デバッグ情報がないものとして、オブジェクトにリンクします。
glpngd.lib(glpng.obj) : warning LNK4099: PDB 'glpng.pdb' が 'glpngd.lib(glpng.obj)' で、または 'C:\Users\yuji\Downloads\Sample\Sample\Game\glpng.pdb' に見つかりません。デバッグ情報がないものとして、オブジェクトにリンクします。
glpngd.lib(pngrtran.obj) : warning LNK4099: PDB 'glpng.pdb' が 'glpngd.lib(pngrtran.obj)' で、または 'C:\Users\yuji\Downloads\Sample\Sample\Game\glpng.pdb' に見つかりません。デバッグ情報がないものとして、オブジェクトにリンクします。
glpngd.lib(png.obj) : warning LNK4099: PDB 'glpng.pdb' が 'glpngd.lib(png.obj)' で、または 'C:\Users\yuji\Downloads\Sample\Sample\Game\glpng.pdb' に見つかりません。デバッグ情報がないものとして、オブジェクトにリンクします。
glpngd.lib(pngread.obj) : warning LNK4099: PDB 'glpng.pdb' が 'glpngd.lib(pngread.obj)' で、または 'C:\Users\yuji\Downloads\Sample\Sample\Game\glpng.pdb' に見つかりません。デバッグ情報がないものとして、オブジェクトにリンクします。
glpngd.lib(pngget.obj) : warning LNK4099: PDB 'glpng.pdb' が 'glpngd.lib(pngget.obj)' で、または 'C:\Users\yuji\Downloads\Sample\Sample\Game\glpng.pdb' に見つかりません。デバッグ情報がないものとして、オブジェクトにリンクします。
glpngd.lib(pngmem.obj) : warning LNK4099: PDB 'glpng.pdb' が 'glpngd.lib(pngmem.obj)' で、または 'C:\Users\yuji\Downloads\Sample\Sample\Game\glpng.pdb' に見つかりません。デバッグ情報がないものとして、オブジェクトにリンクします。
glpngd.lib(pngtrans.obj) : warning LNK4099: PDB '' が 'glpngd.lib(pngtrans.obj)' で、または '' に見つかりません。デバッグ情報がないものとして、オブジェクトにリンクします。
glpngd.lib(pngerror.obj) : warning LNK4099: PDB 'glpng.pdb' が 'glpngd.lib(pngerror.obj)' で、または 'C:\Users\yuji\Downloads\Sample\Sample\Game\glpng.pdb' に見つかりません。デバッグ情報がないものとして、オブジェクトにリンクします。
glpngd.lib(crc32.obj) : warning LNK4099: PDB 'glpng.pdb' が 'glpngd.lib(crc32.obj)' で、または 'C:\Users\yuji\Downloads\Sample\Sample\Game\glpng.pdb' に見つかりません。デバッグ情報がないものとして、オブジェクトにリンクします。
glpngd.lib(inflate.obj) : warning LNK4099: PDB 'glpng.pdb' が 'glpngd.lib(inflate.obj)' で、または 'C:\Users\yuji\Downloads\Sample\Sample\Game\glpng.pdb' に見つかりません。デバッグ情報がないものとして、オブジェクトにリンクします。
glpngd.lib(pngrutil.obj) : warning LNK4099: PDB 'glpng.pdb' が 'glpngd.lib(pngrutil.obj)' で、または 'C:\Users\yuji\Downloads\Sample\Sample\Game\glpng.pdb' に見つかりません。デバッグ情報がないものとして、オブジェクトにリンクします。
glpngd.lib(pngrio.obj) : warning LNK4099: PDB 'glpng.pdb' が 'glpngd.lib(pngrio.obj)' で、または 'C:\Users\yuji\Downloads\Sample\Sample\Game\glpng.pdb' に見つかりません。デバッグ情報がないものとして、オブジェクトにリンクします。
glpngd.lib(zutil.obj) : warning LNK4099: PDB 'glpng.pdb' が 'glpngd.lib(zutil.obj)' で、または 'C:\Users\yuji\Downloads\Sample\Sample\Game\glpng.pdb' に見つかりません。デバッグ情報がないものとして、オブジェクトにリンクします。
glpngd.lib(infblock.obj) : warning LNK4099: PDB 'glpng.pdb' が 'glpngd.lib(infblock.obj)' で、または 'C:\Users\yuji\Downloads\Sample\Sample\Game\glpng.pdb' に見つかりません。デバッグ情報がないものとして、オブジェクトにリンクします。
glpngd.lib(adler32.obj) : warning LNK4099: PDB 'glpng.pdb' が 'glpngd.lib(adler32.obj)' で、または 'C:\Users\yuji\Downloads\Sample\Sample\Game\glpng.pdb' に見つかりません。デバッグ情報がないものとして、オブジェクトにリンクします。
glpngd.lib(pngset.obj) : warning LNK4099: PDB 'glpng.pdb' が 'glpngd.lib(pngset.obj)' で、または 'C:\Users\yuji\Downloads\Sample\Sample\Game\glpng.pdb' に見つかりません。デバッグ情報がないものとして、オブジェクトにリンクします。
glpngd.lib(infutil.obj) : warning LNK4099: PDB 'glpng.pdb' が 'glpngd.lib(infutil.obj)' で、または 'C:\Users\yuji\Downloads\Sample\Sample\Game\glpng.pdb' に見つかりません。デバッグ情報がないものとして、オブジェクトにリンクします。
glpngd.lib(inftrees.obj) : warning LNK4099: PDB 'glpng.pdb' が 'glpngd.lib(inftrees.obj)' で、または 'C:\Users\yuji\Downloads\Sample\Sample\Game\glpng.pdb' に見つかりません。デバッグ情報がないものとして、オブジェクトにリンクします。
glpngd.lib(infcodes.obj) : warning LNK4099: PDB 'glpng.pdb' が 'glpngd.lib(infcodes.obj)' で、または 'C:\Users\yuji\Downloads\Sample\Sample\Game\glpng.pdb' に見つかりません。デバッグ情報がないものとして、オブジェクトにリンクします。
glpngd.lib(inffast.obj) : warning LNK4099: PDB 'glpng.pdb' が 'glpngd.lib(inffast.obj)' で、または 'C:\Users\yuji\Downloads\Sample\Sample\Game\glpng.pdb' に見つかりません。デバッグ情報がないものとして、オブジェクトにリンクします。
GLFW.lib(context.obj) : warning LNK4099: PDB 'GLFW.pdb' が 'GLFW.lib(context.obj)' で、または 'C:\Users\yuji\Downloads\Sample\Sample\Game\GLFW.pdb' に見つかりません。デバッグ情報がないものとして、オブジェクトにリンクします。
GLFW.lib(egl_context.obj) : warning LNK4099: PDB 'GLFW.pdb' が 'GLFW.lib(egl_context.obj)' で、または 'C:\Users\yuji\Downloads\Sample\Sample\Game\GLFW.pdb' に見つかりません。デバッグ情報がないものとして、オブジェクトにリンクします。
GLFW.lib(init.obj) : warning LNK4099: PDB 'GLFW.pdb' が 'GLFW.lib(init.obj)' で、または 'C:\Users\yuji\Downloads\Sample\Sample\Game\GLFW.pdb' に見つかりません。デバッグ情報がないものとして、オブジェクトにリンクします。
GLFW.lib(input.obj) : warning LNK4099: PDB 'GLFW.pdb' が 'GLFW.lib(input.obj)' で、または 'C:\Users\yuji\Downloads\Sample\Sample\Game\GLFW.pdb' に見つかりません。デバッグ情報がないものとして、オブジェクトにリンクします。
GLFW.lib(monitor.obj) : warning LNK4099: PDB 'GLFW.pdb' が 'GLFW.lib(monitor.obj)' で、または 'C:\Users\yuji\Downloads\Sample\Sample\Game\GLFW.pdb' に見つかりません。デバッグ情報がないものとして、オブジェクトにリンクします。
GLFW.lib(vulkan.obj) : warning LNK4099: PDB 'GLFW.pdb' が 'GLFW.lib(vulkan.obj)' で、または 'C:\Users\yuji\Downloads\Sample\Sample\Game\GLFW.pdb' に見つかりません。デバッグ情報がないものとして、オブジェクトにリンクします。
GLFW.lib(wgl_context.obj) : warning LNK4099: PDB 'GLFW.pdb' が 'GLFW.lib(wgl_context.obj)' で、または 'C:\Users\yuji\Downloads\Sample\Sample\Game\GLFW.pdb' に見つかりません。デバッグ情報がないものとして、オブジェクトにリンクします。
GLFW.lib(win32_init.obj) : warning LNK4099: PDB '' が 'GLFW.lib(win32_init.obj)' で、または '' に見つかりません。デバッグ情報がないものとして、オブジェクトにリンクします。
GLFW.lib(win32_joystick.obj) : warning LNK4099: PDB '' が 'GLFW.lib(win32_joystick.obj)' で、または '' に見つかりません。デバッグ情報がないものとして、オブジェクトにリンクします。
GLFW.lib(win32_monitor.obj) : warning LNK4099: PDB 'GLFW.pdb' が 'GLFW.lib(win32_monitor.obj)' で、または 'C:\Users\yuji\Downloads\Sample\Sample\Game\GLFW.pdb' に見つかりません。デバッグ情報がないものとして、オブジェクトにリンクします。
GLFW.lib(win32_time.obj) : warning LNK4099: PDB 'GLFW.pdb' が 'GLFW.lib(win32_time.obj)' で、または 'C:\Users\yuji\Downloads\Sample\Sample\Game\GLFW.pdb' に見つかりません。デバッグ情報がないものとして、オブジェクトにリンクします。
GLFW.lib(win32_tls.obj) : warning LNK4099: PDB '' が 'GLFW.lib(win32_tls.obj)' で、または '' に見つかりません。デバッグ情報がないものとして、オブジェクトにリンクします。
GLFW.lib(win32_window.obj) : warning LNK4099: PDB 'GLFW.pdb' が 'GLFW.lib(win32_window.obj)' で、または 'C:\Users\yuji\Downloads\Sample\Sample\Game\GLFW.pdb' に見つかりません。デバッグ情報がないものとして、オブジェクトにリンクします。
GLFW.lib(window.obj) : warning LNK4099: PDB 'GLFW.pdb' が 'GLFW.lib(window.obj)' で、または 'C:\Users\yuji\Downloads\Sample\Sample\Game\GLFW.pdb' に見つかりません。デバッグ情報がないものとして、オブジェクトにリンクします。
GLLibrary.lib(CCamera.obj) : warning LNK4099: PDB 'GLLibrary.pdb' が 'GLLibrary.lib(CCamera.obj)' で、または 'C:\Users\yuji\Downloads\Sample\Sample\Game\GLLibrary.pdb' に見つかりません。デバッグ情報がないものとして、オブジェクトにリンクします。
GLLibrary.lib(CCollision.obj) : warning LNK4099: PDB 'GLLibrary.pdb' が 'GLLibrary.lib(CCollision.obj)' で、または 'C:\Users\yuji\Downloads\Sample\Sample\Game\GLLibrary.pdb' に見つかりません。デバッグ情報がないものとして、オブジェクトにリンクします。
GLLibrary.lib(CFPS.obj) : warning LNK4099: PDB 'GLLibrary.pdb' が 'GLLibrary.lib(CFPS.obj)' で、または 'C:\Users\yuji\Downloads\Sample\Sample\Game\GLLibrary.pdb' に見つかりません。デバッグ情報がないものとして、オブジェクトにリンクします。
GLLibrary.lib(CImage.obj) : warning LNK4099: PDB 'GLLibrary.pdb' が 'GLLibrary.lib(CImage.obj)' で、または 'C:\Users\yuji\Downloads\Sample\Sample\Game\GLLibrary.pdb' に見つかりません。デバッグ情報がないものとして、オブジェクトにリンクします。
GLLibrary.lib(CInput.obj) : warning LNK4099: PDB '' が 'GLLibrary.lib(CInput.obj)' で、または '' に見つかりません。デバッグ情報がないものとして、オブジェクトにリンクします。
GLLibrary.lib(CLoadThread.obj) : warning LNK4099: PDB 'GLLibrary.pdb' が 'GLLibrary.lib(CLoadThread.obj)' で、または 'C:\Users\yuji\Downloads\Sample\Sample\Game\GLLibrary.pdb' に見つかりません。デバッグ情報がないものとして、オブジェクトにリンクします。
GLLibrary.lib(CMatrix.obj) : warning LNK4099: PDB '' が 'GLLibrary.lib(CMatrix.obj)' で、または '' に見つかりません。デバッグ情報がないものとして、オブジェクトにリンクします。
GLLibrary.lib(CRect.obj) : warning LNK4099: PDB 'GLLibrary.pdb' が 'GLLibrary.lib(CRect.obj)' で、または 'C:\Users\yuji\Downloads\Sample\Sample\Game\GLLibrary.pdb' に見つかりません。デバッグ情報がないものとして、オブジェクトにリンクします。
GLLibrary.lib(CResource.obj) : warning LNK4099: PDB 'GLLibrary.pdb' が 'GLLibrary.lib(CResource.obj)' で、または 'C:\Users\yuji\Downloads\Sample\Sample\Game\GLLibrary.pdb' に見つかりません。デバッグ情報がないものとして、オブジェクトにリンクします。
GLLibrary.lib(CShader.obj) : warning LNK4099: PDB 'GLLibrary.pdb' が 'GLLibrary.lib(CShader.obj)' で、または 'C:\Users\yuji\Downloads\Sample\Sample\Game\GLLibrary.pdb' に見つかりません。デバッグ情報がないものとして、オブジェクトにリンクします。
GLLibrary.lib(CSound.obj) : warning LNK4099: PDB 'GLLibrary.pdb' が 'GLLibrary.lib(CSound.obj)' で、または 'C:\Users\yuji\Downloads\Sample\Sample\Game\GLLibrary.pdb' に見つかりません。デバッグ情報がないものとして、オブジェクトにリンクします。
GLLibrary.lib(CTexture.obj) : warning LNK4099: PDB 'GLLibrary.pdb' が 'GLLibrary.lib(CTexture.obj)' で、または 'C:\Users\yuji\Downloads\Sample\Sample\Game\GLLibrary.pdb' に見つかりません。デバッグ情報がないものとして、オブジェクトにリンクします。
GLLibrary.lib(CVector.obj) : warning LNK4099: PDB 'GLLibrary.pdb' が 'GLLibrary.lib(CVector.obj)' で、または 'C:\Users\yuji\Downloads\Sample\Sample\Game\GLLibrary.pdb' に見つかりません。デバッグ情報がないものとして、オブジェクトにリンクします。
GLLibrary.lib(GL.obj) : warning LNK4099: PDB 'GLLibrary.pdb' が 'GLLibrary.lib(GL.obj)' で、または 'C:\Users\yuji\Downloads\Sample\Sample\Game\GLLibrary.pdb' に見つかりません。デバッグ情報がないものとして、オブジェクトにリンクします。
alut.lib(alutBufferData.obj) : warning LNK4099: PDB 'alut.pdb' が 'alut.lib(alutBufferData.obj)' で、または 'C:\Users\yuji\Downloads\Sample\Sample\Game\alut.pdb' に見つかりません。デバッグ情報がないものとして、オブジェクトにリンクします。
alut.lib(alutCodec.obj) : warning LNK4099: PDB 'alut.pdb' が 'alut.lib(alutCodec.obj)' で、または 'C:\Users\yuji\Downloads\Sample\Sample\Game\alut.pdb' に見つかりません。デバッグ情報がないものとして、オブジェクトにリンクします。
alut.lib(alutError.obj) : warning LNK4099: PDB 'alut.pdb' が 'alut.lib(alutError.obj)' で、または 'C:\Users\yuji\Downloads\Sample\Sample\Game\alut.pdb' に見つかりません。デバッグ情報がないものとして、オブジェクトにリンクします。
alut.lib(alutInit.obj) : warning LNK4099: PDB 'alut.pdb' が 'alut.lib(alutInit.obj)' で、または 'C:\Users\yuji\Downloads\Sample\Sample\Game\alut.pdb' に見つかりません。デバッグ情報がないものとして、オブジェクトにリンクします。
alut.lib(alutInputStream.obj) : warning LNK4099: PDB '' が 'alut.lib(alutInputStream.obj)' で、または '' に見つかりません。デバッグ情報がないものとして、オブジェクトにリンクします。
alut.lib(alutLoader.obj) : warning LNK4099: PDB 'alut.pdb' が 'alut.lib(alutLoader.obj)' で、または 'C:\Users\yuji\Downloads\Sample\Sample\Game\alut.pdb' に見つかりません。デバッグ情報がないものとして、オブジェクトにリンクします。
alut.lib(alutUtil.obj) : warning LNK4099: PDB 'alut.pdb' が 'alut.lib(alutUtil.obj)' で、または 'C:\Users\yuji\Downloads\Sample\Sample\Game\alut.pdb' に見つかりません。デバッグ情報がないものとして、オブジェクトにリンクします。
  GameProject.vcxproj -> C:\Users\yuji\Downloads\Sample\Sample\Game\GameProject.exe
